#
# There is insufficient memory for the Java Runtime Environment to continue.
# Native memory allocation (malloc) failed to allocate 1048576 bytes for AllocateHeap
# Possible reasons:
#   The system is out of physical RAM or swap space
#   The process is running with CompressedOops enabled, and the Java Heap may be blocking the growth of the native heap
# Possible solutions:
#   Reduce memory load on the system
#   Increase physical memory or swap space
#   Check if swap backing store is full
#   Decrease Java heap size (-Xmx/-Xms)
#   Decrease number of Java threads
#   Decrease Java thread stack sizes (-Xss)
#   Set larger code cache with -XX:ReservedCodeCacheSize=
#   JVM is running with Unscaled Compressed Oops mode in which the Java heap is
#     placed in the first 4GB address space. The Java Heap base address is the
#     maximum limit for the native heap growth. Please use -XX:HeapBaseMinAddress
#     to set the Java Heap base and to place the Java Heap above 4GB virtual address.
# This output file may be truncated or incomplete.
#
#  Out of Memory Error (allocation.cpp:44), pid=9324, tid=9860
#
# JRE version:  (16.0.2+7) (build )
# Java VM: Java HotSpot(TM) 64-Bit Server VM (16.0.2+7-67, mixed mode, sharing, tiered, compressed oops, compressed class ptrs, g1 gc, windows-amd64)
# No core dump will be written. Minidumps are not enabled by default on client versions of Windows
#

---------------  S U M M A R Y ------------

Command Line: -Dclassworlds.conf=C:\Program Files\NetBeans-12.4\netbeans\java\maven\bin\..\bin\m2.conf -Dmaven.home=C:\Program Files\NetBeans-12.4\netbeans\java\maven\bin\.. -Dlibrary.jansi.path=C:\Program Files\NetBeans-12.4\netbeans\java\maven\bin\..\lib\jansi-native -Dmaven.multiModuleProjectDirectory=E:\Java\WebPhongTroSpringMVC org.codehaus.plexus.classworlds.launcher.Launcher -Dmaven.ext.class.path=C:\Program Files\NetBeans-12.4\netbeans\java\maven-nblib\netbeans-eventspy.jar install

Host: Intel(R) Core(TM) i5-5200U CPU @ 2.20GHz, 4 cores, 3G,  Windows 10 , 64 bit Build 17763 (10.0.17763.475)
Time: Fri Sep  8 00:26:00 2023 SE Asia Standard Time elapsed time: 0.080682 seconds (0d 0h 0m 0s)

---------------  T H R E A D  ---------------

Current thread (0x00000128172ad130):  JavaThread "Unknown thread" [_thread_in_vm, id=9860, stack(0x0000000e11100000,0x0000000e11200000)]

Stack: [0x0000000e11100000,0x0000000e11200000]
Native frames: (J=compiled Java code, j=interpreted, Vv=VM code, C=native code)
V  [jvm.dll+0x6681ca]
V  [jvm.dll+0x7c9e69]
V  [jvm.dll+0x7cb61e]
V  [jvm.dll+0x7cbc73]
V  [jvm.dll+0x242c55]
V  [jvm.dll+0xa8732]
V  [jvm.dll+0x2dc6d4]
V  [jvm.dll+0x2d423b]
V  [jvm.dll+0x79c741]
V  [jvm.dll+0x360791]
V  [jvm.dll+0x77a3f0]
V  [jvm.dll+0x3e4e8f]
V  [jvm.dll+0x3e6961]
C  [jli.dll+0x52fb]
C  [ucrtbase.dll+0x21ffa]
C  [KERNEL32.DLL+0x17974]
C  [ntdll.dll+0x6a271]


---------------  P R O C E S S  ---------------

Threads class SMR info:
_java_thread_list=0x00007ffd288bcbb8, length=0, elements={
}

Java Threads: ( => current thread )

Other Threads:
  0x00000128172dc1e0 GCTaskThread "GC Thread#0" [stack: 0x0000000e11300000,0x0000000e11400000] [id=9392]

[error occurred during error reporting (printing all threads), id 0xc0000005, EXCEPTION_ACCESS_VIOLATION (0xc0000005) at pc=0x00007ffd280913c0]

VM state: not at safepoint (not fully initialized)

VM Mutex/Monitor currently owned by a thread:  ([mutex/lock_event])
[0x00000128172aa900] Heap_lock - owner thread: 0x00000128172ad130

Heap address: 0x00000000c1600000, size: 1002 MB, Compressed Oops mode: 32-bit

CDS archive(s) mapped at: [0x0000000000000000-0x0000000000000000-0x0000000000000000), size 0, SharedBaseAddress: 0x0000000800000000, ArchiveRelocationMode: 0.
Narrow klass base: 0x0000000000000000, Narrow klass shift: 0, Narrow klass range: 0x0

GC Precious Log:
<Empty>

Heap:
 garbage-first heap   total 0K, used 0K [0x00000000c1600000, 0x0000000100000000)
  region size 1024K, 0 young (0K), 0 survivors (0K)

[error occurred during error reporting (printing heap information), id 0xc0000005, EXCEPTION_ACCESS_VIOLATION (0xc0000005) at pc=0x00007ffd28471eed]

GC Heap History (0 events):
No events

Deoptimization events (0 events):
No events

Classes unloaded (0 events):
No events

Classes redefined (0 events):
No events

Internal exceptions (0 events):
No events

Events (1 events):
Event: 0.039 Loaded shared library C:\Program Files\Java\jdk-16.0.2\bin\java.dll


Dynamic libraries:
0x00007ff75d9c0000 - 0x00007ff75d9d0000 	C:\Program Files\Java\jdk-16.0.2\bin\java.exe
0x00007ffd594a0000 - 0x00007ffd5968d000 	C:\Windows\SYSTEM32\ntdll.dll
0x00007ffd58840000 - 0x00007ffd588f3000 	C:\Windows\System32\KERNEL32.DLL
0x00007ffd55c00000 - 0x00007ffd55e93000 	C:\Windows\System32\KERNELBASE.dll
0x00007ffd55590000 - 0x00007ffd5568a000 	C:\Windows\System32\ucrtbase.dll
0x00007ffd51f80000 - 0x00007ffd51f98000 	C:\Program Files\Java\jdk-16.0.2\bin\jli.dll
0x00007ffd56eb0000 - 0x00007ffd56f53000 	C:\Windows\System32\ADVAPI32.dll
0x00007ffd569d0000 - 0x00007ffd56a6e000 	C:\Windows\System32\msvcrt.dll
0x00007ffd58780000 - 0x00007ffd5881e000 	C:\Windows\System32\sechost.dll
0x00007ffd585e0000 - 0x00007ffd58702000 	C:\Windows\System32\RPCRT4.dll
0x00007ffd56700000 - 0x00007ffd56897000 	C:\Windows\System32\USER32.dll
0x00007ffd55be0000 - 0x00007ffd55c00000 	C:\Windows\System32\win32u.dll
0x00007ffd566d0000 - 0x00007ffd566f9000 	C:\Windows\System32\GDI32.dll
0x00007ffd55860000 - 0x00007ffd559fa000 	C:\Windows\System32\gdi32full.dll
0x00007ffd557c0000 - 0x00007ffd55860000 	C:\Windows\System32\msvcp_win.dll
0x00007ffd510a0000 - 0x00007ffd510b9000 	C:\Program Files\Java\jdk-16.0.2\bin\VCRUNTIME140.dll
0x00007ffd47330000 - 0x00007ffd475a9000 	C:\Windows\WinSxS\amd64_microsoft.windows.common-controls_6595b64144ccf1df_6.0.17763.503_none_05b23ef40721f4ae\COMCTL32.dll
0x00007ffd58f50000 - 0x00007ffd5927c000 	C:\Windows\System32\combase.dll
0x00007ffd56650000 - 0x00007ffd566ce000 	C:\Windows\System32\bcryptPrimitives.dll
0x00007ffd4c860000 - 0x00007ffd4c86a000 	C:\Windows\SYSTEM32\VERSION.dll
0x00007ffd585b0000 - 0x00007ffd585de000 	C:\Windows\System32\IMM32.DLL
0x00007ffd51090000 - 0x00007ffd5109c000 	C:\Program Files\Java\jdk-16.0.2\bin\vcruntime140_1.dll
0x00007ffd40b00000 - 0x00007ffd40b91000 	C:\Program Files\Java\jdk-16.0.2\bin\msvcp140.dll
0x00007ffd27db0000 - 0x00007ffd2895b000 	C:\Program Files\Java\jdk-16.0.2\bin\server\jvm.dll
0x00007ffd59460000 - 0x00007ffd59468000 	C:\Windows\System32\PSAPI.DLL
0x00007ffd510c0000 - 0x00007ffd510c9000 	C:\Windows\SYSTEM32\WSOCK32.dll
0x00007ffd56e40000 - 0x00007ffd56ead000 	C:\Windows\System32\WS2_32.dll
0x00007ffd52270000 - 0x00007ffd52294000 	C:\Windows\SYSTEM32\WINMM.dll
0x00007ffd52240000 - 0x00007ffd5226d000 	C:\Windows\SYSTEM32\WINMMBASE.dll
0x00007ffd556c0000 - 0x00007ffd5570a000 	C:\Windows\System32\cfgmgr32.dll
0x00007ffd554a0000 - 0x00007ffd554b1000 	C:\Windows\System32\kernel.appcore.dll
0x00007ffd4f150000 - 0x00007ffd4f15a000 	C:\Program Files\Java\jdk-16.0.2\bin\jimage.dll
0x00007ffd44070000 - 0x00007ffd4425d000 	C:\Windows\SYSTEM32\DBGHELP.DLL
0x00007ffd44000000 - 0x00007ffd4402a000 	C:\Windows\SYSTEM32\dbgcore.DLL
0x00007ffd41830000 - 0x00007ffd41855000 	C:\Program Files\Java\jdk-16.0.2\bin\java.dll

dbghelp: loaded successfully - version: 4.0.5 - missing functions: none
symbol engine: initialized successfully - sym options: 0x614 - pdb path: .;C:\Program Files\Java\jdk-16.0.2\bin;C:\Windows\SYSTEM32;C:\Windows\WinSxS\amd64_microsoft.windows.common-controls_6595b64144ccf1df_6.0.17763.503_none_05b23ef40721f4ae;C:\Program Files\Java\jdk-16.0.2\bin\server

VM Arguments:
jvm_args: -Dclassworlds.conf=C:\Program Files\NetBeans-12.4\netbeans\java\maven\bin\..\bin\m2.conf -Dmaven.home=C:\Program Files\NetBeans-12.4\netbeans\java\maven\bin\.. -Dlibrary.jansi.path=C:\Program Files\NetBeans-12.4\netbeans\java\maven\bin\..\lib\jansi-native -Dmaven.multiModuleProjectDirectory=E:\Java\WebPhongTroSpringMVC 
java_command: org.codehaus.plexus.classworlds.launcher.Launcher -Dmaven.ext.class.path=C:\Program Files\NetBeans-12.4\netbeans\java\maven-nblib\netbeans-eventspy.jar install
java_class_path (initial): C:\Program Files\NetBeans-12.4\netbeans\java\maven\bin\..\boot\plexus-classworlds-2.6.0.jar
Launcher Type: SUN_STANDARD

[Global flags]
     intx CICompilerCount                          = 3                                         {product} {ergonomic}
     uint ConcGCThreads                            = 1                                         {product} {ergonomic}
     uint G1ConcRefinementThreads                  = 4                                         {product} {ergonomic}
   size_t G1HeapRegionSize                         = 1048576                                   {product} {ergonomic}
    uintx GCDrainStackTargetSize                   = 64                                        {product} {ergonomic}
   size_t InitialHeapSize                          = 67108864                                  {product} {ergonomic}
   size_t MarkStackSize                            = 4194304                                   {product} {ergonomic}
   size_t MaxHeapSize                              = 1050673152                                {product} {ergonomic}
   size_t MinHeapDeltaBytes                        = 1048576                                   {product} {ergonomic}
   size_t MinHeapSize                              = 8388608                                   {product} {ergonomic}
    uintx NonNMethodCodeHeapSize                   = 5832780                                {pd product} {ergonomic}
    uintx NonProfiledCodeHeapSize                  = 122912730                              {pd product} {ergonomic}
    uintx ProfiledCodeHeapSize                     = 122912730                              {pd product} {ergonomic}
    uintx ReservedCodeCacheSize                    = 251658240                              {pd product} {ergonomic}
     bool SegmentedCodeCache                       = true                                      {product} {ergonomic}
   size_t SoftMaxHeapSize                          = 1050673152                             {manageable} {ergonomic}
     bool UseCompressedClassPointers               = true                           {product lp64_product} {ergonomic}
     bool UseCompressedOops                        = true                           {product lp64_product} {ergonomic}
     bool UseG1GC                                  = true                                      {product} {ergonomic}
     bool UseLargePagesIndividualAllocation        = false                                  {pd product} {ergonomic}

Logging:
Log output configuration:
 #0: stdout all=warning uptime,level,tags
 #1: stderr all=off uptime,level,tags

Environment Variables:
JAVA_HOME=C:\Program Files\Java\jdk-16.0.2
PATH=C:\Program Files (x86)\VMware\VMware Workstation\bin\;C:\Program Files\Common Files\Oracle\Java\javapath;C:\Windows\system32;C:\Windows;C:\Windows\System32\Wbem;C:\Windows\System32\WindowsPowerShell\v1.0\;C:\Windows\System32\OpenSSH\;C:\Program Files\Java\jdk-13.0.2\bin;C:\MinGW\bin;C:\Program Files\apache-maven-3.9.2\bin;C:\Program Files\Azure Data Studio\bin;C:\Program Files\Microsoft SQL Server\130\Tools\Binn\;C:\Program Files\Git\cmd;C:\Program Files\nodejs\;C:\Program Files\MySQL\MySQL Shell 8.0\bin\;C:\Users\Admin\AppData\Local\Programs\Python\Python310\Scripts\;C:\Users\Admin\AppData\Local\Programs\Python\Python310\;C:\Users\Admin\AppData\Local\Microsoft\WindowsApps;C:\Program Files\Azure Data Studio\bin;C:\Program Files\JetBrains\PyCharm Community Edition 2021.2.2\bin;;C:\Users\Admin\AppData\Roaming\npm;C:\Users\Admin\AppData\Local\Programs\Microsoft VS Code\bin
USERNAME=Admin
OS=Windows_NT
PROCESSOR_IDENTIFIER=Intel64 Family 6 Model 61 Stepping 4, GenuineIntel



---------------  S Y S T E M  ---------------

OS:
 Windows 10 , 64 bit Build 17763 (10.0.17763.475)
OS uptime: 0 days 0:47 hours

CPU: total 4 (initial active 4) (2 cores per cpu, 2 threads per core) family 6 model 61 stepping 4 microcode 0x2b, cx8, cmov, fxsr, ht, mmx, 3dnowpref, sse, sse2, sse3, ssse3, sse4.1, sse4.2, popcnt, lzcnt, tsc, tscinvbit, avx, avx2, aes, erms, clmul, bmi1, bmi2, adx, fma, vzeroupper, clflush

Memory: 4k page, system-wide physical 4005M (416M free)
TotalPageFile size 8101M (AvailPageFile size 5M)
current process WorkingSet (physical memory assigned to process): 9M, peak: 9M
current process commit charge ("private bytes"): 49M, peak: 50M

vm_info: Java HotSpot(TM) 64-Bit Server VM (16.0.2+7-67) for windows-amd64 JRE (16.0.2+7-67), built on Jun  8 2021 23:24:19 by "mach5one" with MS VC++ 16.7 (VS2019)

END.
